<?xml version="1.0" encoding="UTF-8"?>
<!-- Generated by org.testng.reporters.JUnitXMLReporter -->
<testsuite ignored="0" hostname="LAPTOP-2FQAGHCU" failures="1" tests="1" name="Test" time="0.044" errors="0" timestamp="2020-02-09T14:35:43 IST">
  <testcase classname="com.practice.testcases.BankManagerLoginTest" name="loginAsBankManager" time="0.017">
    <failure type="java.lang.IllegalArgumentException" message="Cannot find elements when the selector is null">
      <![CDATA[java.lang.IllegalArgumentException: Cannot find elements when the selector is null
at org.openqa.selenium.By$ByCssSelector.<init>(By.java:487)
at org.openqa.selenium.By.cssSelector(By.java:124)
at com.practice.testcases.BankManagerLoginTest.loginAsBankManager(BankManagerLoginTest.java:16)
at java.base/java.util.ArrayList.forEach(ArrayList.java:1507)
... Removed 27 stack frames]]>
    </failure>
  </testcase> <!-- loginAsBankManager -->
</testsuite> <!-- Test -->
