<?xml version="1.0" encoding="UTF-8"?>
<!-- Generated by org.testng.reporters.JUnitXMLReporter -->
<testsuite ignored="0" hostname="LAPTOP-2FQAGHCU" failures="1" tests="1" name="Bank Manager Login Test" time="0.036" errors="0" timestamp="2020-02-09T13:58:44 IST">
  <testcase classname="com.practice.testcases.BankManagerLoginTest" name="loginAsBankManager" time="0.006">
    <failure type="java.lang.NullPointerException">
      <![CDATA[java.lang.NullPointerException
at com.practice.testcases.BankManagerLoginTest.loginAsBankManager(BankManagerLoginTest.java:15)
at java.base/java.util.ArrayList.forEach(ArrayList.java:1507)
... Removed 27 stack frames]]>
    </failure>
  </testcase> <!-- loginAsBankManager -->
</testsuite> <!-- Bank Manager Login Test -->
