<?xml version="1.0" encoding="UTF-8"?>
<!-- Generated by org.testng.reporters.JUnitXMLReporter -->
<testsuite ignored="0" hostname="LAPTOP-2FQAGHCU" failures="1" tests="1" name="LoginTest" time="9.173" errors="0" timestamp="2020-02-09T13:20:32 IST">
  <testcase classname="com.practice.testcases.LoginTest" name="loginAsBankManager" time="9.139">
    <failure type="java.lang.AssertionError" message="Login not successful expected [true] but found [false]">
      <![CDATA[java.lang.AssertionError: Login not successful expected [true] but found [false]
at com.practice.testcases.LoginTest.loginAsBankManager(LoginTest.java:17)
at java.base/java.util.ArrayList.forEach(ArrayList.java:1507)
... Removed 30 stack frames]]>
    </failure>
  </testcase> <!-- loginAsBankManager -->
</testsuite> <!-- LoginTest -->
